{
  "RSpec": {
    "coverage": {
      "C:/Users/Nick/coding-projects/colour-think/spec/features/index_spec.rb": [
        1,
        null,
        1,
        1,
        1,
        null,
        null,
        1,
        1,
        1,
        null,
        null,
        1,
        1,
        1,
        1,
        1,
        1,
        1,
        1,
        1,
        null,
        null,
        null
      ],
      "C:/Users/Nick/coding-projects/colour-think/spec/features/search_spec.rb": [
        1,
        null,
        null,
        1,
        1,
        null,
        1,
        1,
        1,
        1,
        1,
        null,
        null,
        1,
        1,
        1,
        1,
        1,
        1,
        1,
        null,
        null,
        1,
        1,
        1,
        1,
        null,
        1,
        1,
        1,
        null,
        null,
        null,
        1,
        4,
        4,
        1,
        null,
        null,
        null,
        null
      ],
      "C:/Users/Nick/coding-projects/colour-think/spec/initial_spec.rb": [
        1,
        null,
        1,
        1,
        null,
        null,
        null,
        null
      ],
      "C:/Users/Nick/coding-projects/colour-think/spec/models/google_spec.rb": [
        1,
        null,
        null,
        null,
        null,
        null,
        null,
        null,
        null,
        null
      ],
      "C:/Users/Nick/coding-projects/colour-think/spec/models/history_spec.rb": [
        1,
        1,
        2,
        null,
        1,
        1,
        1,
        null,
        null,
        null
      ],
      "C:/Users/Nick/coding-projects/colour-think/spec/models/query_spec.rb": [
        1,
        null,
        1,
        1,
        1,
        1,
        1,
        null,
        1,
        1,
        1,
        null,
        null,
        1,
        null,
        null,
        1,
        1,
        1,
        null,
        null,
        null,
        null
      ],
      "C:/Users/Nick/coding-projects/colour-think/spec/models/random_word_spec.rb": [
        1,
        2,
        null,
        null,
        null,
        null,
        null,
        null,
        null,
        null,
        null,
        null,
        null,
        null,
        null,
        null,
        null,
        null,
        null,
        null,
        null,
        1,
        null,
        1,
        1,
        1,
        null,
        1,
        1,
        1,
        1,
        null,
        null,
        null,
        null,
        null
      ],
      "C:/Users/Nick/coding-projects/colour-think/spec/models/search_info_spec.rb": [
        1,
        null,
        1,
        null,
        null,
        null,
        null,
        1,
        null,
        null,
        1,
        null,
        1,
        1,
        1,
        1,
        1,
        null,
        1,
        null,
        null,
        1,
        null,
        null,
        null,
        null,
        null,
        null,
        null
      ],
      "C:/Users/Nick/coding-projects/colour-think/spec/models/search_response_spec.rb": [
        null,
        1,
        null,
        1,
        1,
        1,
        null,
        null,
        null,
        null,
        null,
        null,
        1,
        1,
        1,
        null,
        null,
        null,
        null
      ]
    },
    "timestamp": 1498004728
  }
}
